INFO:PASSED - Error US01 - dates_before_current_date - {'date': {'type': 'HEAD', 'value': {'line_number': 4, 'line_value': '20 MAY 2016'}}, 'current_date': '03 JUL 2016'}
INFO:PASSED - Error US01 - dates_before_current_date - {'date': {'type': 'BIRT', 'value': {'line_number': 18, 'line_value': '17 JUN 1945'}}, 'current_date': '03 JUL 2016', 'individual_id': '@I1@'}
INFO:PASSED - Error US01 - dates_before_current_date - {'date': {'type': 'BIRT', 'value': {'line_number': 25, 'line_value': '10 FEB 1980'}}, 'current_date': '03 JUL 2016', 'individual_id': '@I2@'}
INFO:PASSED - Error US01 - dates_before_current_date - {'date': {'type': 'DEAT', 'value': {'line_number': 27, 'line_value': '24 AUG 1994'}}, 'current_date': '03 JUL 2016', 'individual_id': '@I2@'}
INFO:PASSED - Error US01 - dates_before_current_date - {'date': {'type': 'BIRT', 'value': {'line_number': 34, 'line_value': '24 NOV 1848'}}, 'current_date': '03 JUL 2016', 'individual_id': '@I3@'}
INFO:PASSED - Error US01 - dates_before_current_date - {'date': {'type': 'DEAT', 'value': {'line_number': 36, 'line_value': '12 JUL 1988'}}, 'current_date': '03 JUL 2016', 'individual_id': '@I3@'}
INFO:PASSED - Error US01 - dates_before_current_date - {'date': {'type': 'BIRT', 'value': {'line_number': 44, 'line_value': '18 JUL 1992'}}, 'current_date': '03 JUL 2016', 'individual_id': '@I4@'}
INFO:PASSED - Error US01 - dates_before_current_date - {'date': {'type': 'BIRT', 'value': {'line_number': 51, 'line_value': '23 AUG 1855'}}, 'current_date': '03 JUL 2016', 'individual_id': '@I5@'}
INFO:PASSED - Error US01 - dates_before_current_date - {'date': {'type': 'DEAT', 'value': {'line_number': 53, 'line_value': '4 MAY 2006'}}, 'current_date': '03 JUL 2016', 'individual_id': '@I5@'}
INFO:PASSED - Error US01 - dates_before_current_date - {'date': {'type': 'BIRT', 'value': {'line_number': 65, 'line_value': '26 MAR 1979'}}, 'current_date': '03 JUL 2016', 'individual_id': '@I7@'}
INFO:PASSED - Error US01 - dates_before_current_date - {'date': {'type': 'BIRT', 'value': {'line_number': 71, 'line_value': '4 OCT 2003'}}, 'current_date': '03 JUL 2016', 'individual_id': '@I8@'}
INFO:PASSED - Error US01 - dates_before_current_date - {'date': {'type': 'BIRT', 'value': {'line_number': 77, 'line_value': '15 OCT 1975'}}, 'current_date': '03 JUL 2016', 'individual_id': '@I9@'}
INFO:PASSED - Error US01 - dates_before_current_date - {'date': {'type': 'BIRT', 'value': {'line_number': 83, 'line_value': '24 JAN 1973'}}, 'current_date': '03 JUL 2016', 'individual_id': '@I10@'}
INFO:PASSED - Error US01 - dates_before_current_date - {'date': {'type': 'DEAT', 'value': {'line_number': 85, 'line_value': '16 MAY 2016'}}, 'current_date': '03 JUL 2016', 'individual_id': '@I10@'}
INFO:PASSED - Error US01 - dates_before_current_date - {'date': {'type': 'BIRT', 'value': {'line_number': 91, 'line_value': '27 MAR 1920'}}, 'current_date': '03 JUL 2016', 'individual_id': '@I11@'}
INFO:PASSED - Error US01 - dates_before_current_date - {'date': {'type': 'DEAT', 'value': {'line_number': 93, 'line_value': '27 FEB 2002'}}, 'current_date': '03 JUL 2016', 'individual_id': '@I11@'}
INFO:PASSED - Error US01 - dates_before_current_date - {'date': {'type': 'BIRT', 'value': {'line_number': 99, 'line_value': '14 JAN 1922'}}, 'current_date': '03 JUL 2016', 'individual_id': '@I12@'}
INFO:PASSED - Error US01 - dates_before_current_date - {'date': {'type': 'DEAT', 'value': {'line_number': 101, 'line_value': '4 APR 1997'}}, 'current_date': '03 JUL 2016', 'individual_id': '@I12@'}
INFO:PASSED - Error US01 - dates_before_current_date - {'date': {'type': 'BIRT', 'value': {'line_number': 107, 'line_value': '3 JUN 1954'}}, 'current_date': '03 JUL 2016', 'individual_id': '@I13@'}
INFO:PASSED - Error US01 - dates_before_current_date - {'date': {'type': 'DEAT', 'value': {'line_number': 109, 'line_value': '10 AUG 1994'}}, 'current_date': '03 JUL 2016', 'individual_id': '@I13@'}
INFO:PASSED - Error US01 - dates_before_current_date - {'date': {'type': 'BIRT', 'value': {'line_number': 117, 'line_value': '16 DEC 1951'}}, 'current_date': '03 JUL 2016', 'individual_id': '@I14@'}
INFO:PASSED - Error US01 - dates_before_current_date - {'date': {'type': 'BIRT', 'value': {'line_number': 124, 'line_value': '8 APR 1918'}}, 'current_date': '03 JUL 2016', 'individual_id': '@I15@'}
INFO:PASSED - Error US01 - dates_before_current_date - {'date': {'type': 'DEAT', 'value': {'line_number': 126, 'line_value': '10 OCT 1995'}}, 'current_date': '03 JUL 2016', 'individual_id': '@I15@'}
INFO:PASSED - Error US01 - dates_before_current_date - {'date': {'type': 'BIRT', 'value': {'line_number': 132, 'line_value': '23 OCT 1918'}}, 'current_date': '03 JUL 2016', 'individual_id': '@I16@'}
INFO:PASSED - Error US01 - dates_before_current_date - {'date': {'type': 'BIRT', 'value': {'line_number': 138, 'line_value': '30 OCT 1960'}}, 'current_date': '03 JUL 2016', 'individual_id': '@I17@'}
INFO:PASSED - Error US01 - dates_before_current_date - {'date': {'type': 'BIRT', 'value': {'line_number': 144, 'line_value': '11 JUN 1943'}}, 'current_date': '03 JUL 2016', 'individual_id': '@I18@'}
INFO:PASSED - Error US01 - dates_before_current_date - {'date': {'type': 'BIRT', 'value': {'line_number': 150, 'line_value': '7 SEP 1948'}}, 'current_date': '03 JUL 2016', 'individual_id': '@I19@'}
INFO:PASSED - Error US01 - dates_before_current_date - {'date': {'type': 'BIRT', 'value': {'line_number': 156, 'line_value': '24 JUL 1972'}}, 'current_date': '03 JUL 2016', 'individual_id': '@I20@'}
INFO:PASSED - Error US01 - dates_before_current_date - {'date': {'type': 'BIRT', 'value': {'line_number': 162, 'line_value': '1 AUG 1990'}}, 'current_date': '03 JUL 2016', 'individual_id': '@I21@'}
INFO:PASSED - Error US01 - dates_before_current_date - {'date': {'type': 'BIRT', 'value': {'line_number': 168, 'line_value': '5 JUN 1957'}}, 'current_date': '03 JUL 2016', 'individual_id': '@I22@'}
INFO:PASSED - Error US01 - dates_before_current_date - {'date': {'type': 'DEAT', 'value': {'line_number': 170, 'line_value': '12 SEP 1989'}}, 'current_date': '03 JUL 2016', 'individual_id': '@I22@'}
INFO:PASSED - Error US01 - dates_before_current_date - {'date': {'type': 'BIRT', 'value': {'line_number': 176, 'line_value': '7 JUL 1977'}}, 'current_date': '03 JUL 2016', 'individual_id': '@I23@'}
INFO:PASSED - Error US01 - dates_before_current_date - {'date': {'type': 'BIRT', 'value': {'line_number': 182, 'line_value': '2 MAY 1993'}}, 'current_date': '03 JUL 2016', 'individual_id': '@I24@'}
INFO:PASSED - Error US01 - dates_before_current_date - {'date': {'type': 'BIRT', 'value': {'line_number': 188, 'line_value': '4 AUG 1975'}}, 'current_date': '03 JUL 2016', 'individual_id': '@I25@'}
INFO:PASSED - Error US01 - dates_before_current_date - {'date': {'type': 'BIRT', 'value': {'line_number': 194, 'line_value': '9 SEP 1991'}}, 'current_date': '03 JUL 2016', 'individual_id': '@I26@'}
INFO:PASSED - Error US01 - dates_before_current_date - {'date': {'type': 'MARR', 'value': {'line_number': 207, 'line_value': '26 MAR 1976'}}, 'family_id': '@F2@', 'current_date': '03 JUL 2016'}
INFO:PASSED - Error US01 - dates_before_current_date - {'date': {'type': 'DIV', 'value': {'line_number': 209, 'line_value': '13 NOV 2012'}}, 'family_id': '@F2@', 'current_date': '03 JUL 2016'}
INFO:PASSED - Error US01 - dates_before_current_date - {'date': {'type': 'MARR', 'value': {'line_number': 222, 'line_value': '4 SEP 1970'}}, 'family_id': '@F4@', 'current_date': '03 JUL 2016'}
INFO:PASSED - Error US01 - dates_before_current_date - {'date': {'type': 'MARR', 'value': {'line_number': 238, 'line_value': '19 MAR 1990'}}, 'family_id': '@F7@', 'current_date': '03 JUL 2016'}
INFO:PASSED - Error US01 - dates_before_current_date - {'date': {'type': 'MARR', 'value': {'line_number': 244, 'line_value': '12 OCT 1986'}}, 'family_id': '@F8@', 'current_date': '03 JUL 2016'}
INFO:PASSED - Error US01 - dates_before_current_date - {'date': {'type': 'DIV', 'value': {'line_number': 246, 'line_value': '17 NOV 1978'}}, 'family_id': '@F8@', 'current_date': '03 JUL 2016'}
INFO:PASSED - Error US01 - dates_before_current_date - {'date': {'type': 'MARR', 'value': {'line_number': 252, 'line_value': '1 MAY 1973'}}, 'family_id': '@F9@', 'current_date': '03 JUL 2016'}
WARNING:FAILED - Error US01 - dates_before_current_date - {'date': {'type': 'BIRT', 'value': {'line_number': 59, 'line_value': '4 SEP 2017'}}, 'current_date': '03 JUL 2016', 'individual_id': '@I6@'}
INFO:PASSED - Error US02 - birth_before_marriage - {'birth_date': {'line_number': 34, 'line_value': '24 NOV 1848'}, 'family_id': '@F2@', 'marriage_date': {'line_number': 207, 'line_value': '26 MAR 1976'}, 'individual_id': '@I3@'}
INFO:PASSED - Error US02 - birth_before_marriage - {'birth_date': {'line_number': 34, 'line_value': '24 NOV 1848'}, 'family_id': '@F4@', 'marriage_date': {'line_number': 222, 'line_value': '4 SEP 1970'}, 'individual_id': '@I3@'}
INFO:PASSED - Error US02 - birth_before_marriage - {'birth_date': {'line_number': 107, 'line_value': '3 JUN 1954'}, 'family_id': '@F7@', 'marriage_date': {'line_number': 238, 'line_value': '19 MAR 1990'}, 'individual_id': '@I13@'}
INFO:PASSED - Error US02 - birth_before_marriage - {'birth_date': {'line_number': 107, 'line_value': '3 JUN 1954'}, 'family_id': '@F8@', 'marriage_date': {'line_number': 244, 'line_value': '12 OCT 1986'}, 'individual_id': '@I13@'}
INFO:PASSED - Error US02 - birth_before_marriage - {'birth_date': {'line_number': 117, 'line_value': '16 DEC 1951'}, 'family_id': '@F9@', 'marriage_date': {'line_number': 252, 'line_value': '1 MAY 1973'}, 'individual_id': '@I14@'}
INFO:PASSED - Error US02 - birth_before_marriage - {'birth_date': {'line_number': 168, 'line_value': '5 JUN 1957'}, 'family_id': '@F7@', 'marriage_date': {'line_number': 238, 'line_value': '19 MAR 1990'}, 'individual_id': '@I22@'}
WARNING:FAILED - Error US02 - birth_before_marriage - {'birth_date': {'line_number': 25, 'line_value': '10 FEB 1980'}, 'family_id': '@F2@', 'marriage_date': {'line_number': 207, 'line_value': '26 MAR 1976'}, 'individual_id': '@I2@'}
WARNING:FAILED - Error US02 - birth_before_marriage - {'birth_date': {'line_number': 83, 'line_value': '24 JAN 1973'}, 'family_id': '@F4@', 'marriage_date': {'line_number': 222, 'line_value': '4 SEP 1970'}, 'individual_id': '@I10@'}
WARNING:FAILED - Error US02 - birth_before_marriage - {'birth_date': {'line_number': 162, 'line_value': '1 AUG 1990'}, 'family_id': '@F8@', 'marriage_date': {'line_number': 244, 'line_value': '12 OCT 1986'}, 'individual_id': '@I21@'}
WARNING:FAILED - Error US02 - birth_before_marriage - {'birth_date': {'line_number': 182, 'line_value': '2 MAY 1993'}, 'family_id': '@F9@', 'marriage_date': {'line_number': 252, 'line_value': '1 MAY 1973'}, 'individual_id': '@I24@'}
INFO:PASSED - Error US03 - birth_before_death - {'birth_date': {'line_number': 25, 'line_value': '10 FEB 1980'}, 'death_date': {'line_number': 27, 'line_value': '24 AUG 1994'}, 'individual_id': '@I2@'}
INFO:PASSED - Error US03 - birth_before_death - {'birth_date': {'line_number': 34, 'line_value': '24 NOV 1848'}, 'death_date': {'line_number': 36, 'line_value': '12 JUL 1988'}, 'individual_id': '@I3@'}
INFO:PASSED - Error US03 - birth_before_death - {'birth_date': {'line_number': 51, 'line_value': '23 AUG 1855'}, 'death_date': {'line_number': 53, 'line_value': '4 MAY 2006'}, 'individual_id': '@I5@'}
INFO:PASSED - Error US03 - birth_before_death - {'birth_date': {'line_number': 83, 'line_value': '24 JAN 1973'}, 'death_date': {'line_number': 85, 'line_value': '16 MAY 2016'}, 'individual_id': '@I10@'}
INFO:PASSED - Error US03 - birth_before_death - {'birth_date': {'line_number': 91, 'line_value': '27 MAR 1920'}, 'death_date': {'line_number': 93, 'line_value': '27 FEB 2002'}, 'individual_id': '@I11@'}
INFO:PASSED - Error US03 - birth_before_death - {'birth_date': {'line_number': 99, 'line_value': '14 JAN 1922'}, 'death_date': {'line_number': 101, 'line_value': '4 APR 1997'}, 'individual_id': '@I12@'}
INFO:PASSED - Error US03 - birth_before_death - {'birth_date': {'line_number': 107, 'line_value': '3 JUN 1954'}, 'death_date': {'line_number': 109, 'line_value': '10 AUG 1994'}, 'individual_id': '@I13@'}
INFO:PASSED - Error US03 - birth_before_death - {'birth_date': {'line_number': 124, 'line_value': '8 APR 1918'}, 'death_date': {'line_number': 126, 'line_value': '10 OCT 1995'}, 'individual_id': '@I15@'}
INFO:PASSED - Error US03 - birth_before_death - {'birth_date': {'line_number': 168, 'line_value': '5 JUN 1957'}, 'death_date': {'line_number': 170, 'line_value': '12 SEP 1989'}, 'individual_id': '@I22@'}
INFO:PASSED - Error US04 - marriage_before_divorce - {'family_id': '@F2@', 'wife_id': '@I3@', 'marriage_date': {'line_number': 207, 'line_value': '26 MAR 1976'}, 'divorce_date': {'line_number': 209, 'line_value': '13 NOV 2012'}, 'husband_id': '@I2@'}
WARNING:FAILED - Error US04 - marriage_before_divorce - {'family_id': '@F8@', 'wife_id': '@I13@', 'marriage_date': {'line_number': 244, 'line_value': '12 OCT 1986'}, 'divorce_date': {'line_number': 246, 'line_value': '17 NOV 1978'}, 'husband_id': '@I21@'}
INFO:PASSED - Error US05 - marriage_before_death - {'family_id': '@F2@', 'marriage_date': {'line_number': 207, 'line_value': '26 MAR 1976'}, 'death_date': {'line_number': 27, 'line_value': '24 AUG 1994'}, 'spouse_id': None, 'individual_id': '@I2@'}
INFO:PASSED - Error US05 - marriage_before_death - {'family_id': '@F2@', 'marriage_date': {'line_number': 207, 'line_value': '26 MAR 1976'}, 'death_date': {'line_number': 36, 'line_value': '12 JUL 1988'}, 'spouse_id': None, 'individual_id': '@I3@'}
INFO:PASSED - Error US05 - marriage_before_death - {'family_id': '@F4@', 'marriage_date': {'line_number': 222, 'line_value': '4 SEP 1970'}, 'death_date': {'line_number': 85, 'line_value': '16 MAY 2016'}, 'spouse_id': None, 'individual_id': '@I10@'}
INFO:PASSED - Error US05 - marriage_before_death - {'family_id': '@F7@', 'marriage_date': {'line_number': 238, 'line_value': '19 MAR 1990'}, 'death_date': {'line_number': 109, 'line_value': '10 AUG 1994'}, 'spouse_id': None, 'individual_id': '@I13@'}
WARNING:FAILED - Error US05 - marriage_before_death - {'family_id': '@F7@', 'marriage_date': {'line_number': 238, 'line_value': '19 MAR 1990'}, 'death_date': {'line_number': 170, 'line_value': '12 SEP 1989'}, 'spouse_id': None, 'individual_id': '@I22@'}
WARNING:FAILED - Error US06 - divorce_before_death - {'family_id': '@F2@', 'death_date': {'line_number': 27, 'line_value': '24 AUG 1994'}, 'spouse_id': None, 'individual_id': '@I2@', 'divorce_date': {'line_number': 209, 'line_value': '13 NOV 2012'}}
WARNING:FAILED - Error US06 - divorce_before_death - {'family_id': '@F2@', 'death_date': {'line_number': 36, 'line_value': '12 JUL 1988'}, 'spouse_id': None, 'individual_id': '@I3@', 'divorce_date': {'line_number': 209, 'line_value': '13 NOV 2012'}}
INFO:PASSED - Error US07 - less_then_150_years_old - {'birth_date': {'line_number': 18, 'line_value': '17 JUN 1945'}, 'current_date': '03 JUL 2016', 'age': 71.1, 'individual_id': '@I1@'}
INFO:PASSED - Error US07 - less_then_150_years_old - {'birth_date': {'line_number': 25, 'line_value': '10 FEB 1980'}, 'age': 14.55, 'death_date': {'line_number': 27, 'line_value': '24 AUG 1994'}, 'individual_id': '@I2@'}
INFO:PASSED - Error US07 - less_then_150_years_old - {'birth_date': {'line_number': 34, 'line_value': '24 NOV 1848'}, 'age': 139.72, 'death_date': {'line_number': 36, 'line_value': '12 JUL 1988'}, 'individual_id': '@I3@'}
INFO:PASSED - Error US07 - less_then_150_years_old - {'birth_date': {'line_number': 44, 'line_value': '18 JUL 1992'}, 'current_date': '03 JUL 2016', 'age': 23.98, 'individual_id': '@I4@'}
INFO:PASSED - Error US07 - less_then_150_years_old - {'birth_date': {'line_number': 59, 'line_value': '4 SEP 2017'}, 'current_date': '03 JUL 2016', 'age': 1.17, 'individual_id': '@I6@'}
INFO:PASSED - Error US07 - less_then_150_years_old - {'birth_date': {'line_number': 65, 'line_value': '26 MAR 1979'}, 'current_date': '03 JUL 2016', 'age': 37.3, 'individual_id': '@I7@'}
INFO:PASSED - Error US07 - less_then_150_years_old - {'birth_date': {'line_number': 71, 'line_value': '4 OCT 2003'}, 'current_date': '03 JUL 2016', 'age': 12.76, 'individual_id': '@I8@'}
INFO:PASSED - Error US07 - less_then_150_years_old - {'birth_date': {'line_number': 77, 'line_value': '15 OCT 1975'}, 'current_date': '03 JUL 2016', 'age': 40.75, 'individual_id': '@I9@'}
INFO:PASSED - Error US07 - less_then_150_years_old - {'birth_date': {'line_number': 83, 'line_value': '24 JAN 1973'}, 'age': 43.34, 'death_date': {'line_number': 85, 'line_value': '16 MAY 2016'}, 'individual_id': '@I10@'}
INFO:PASSED - Error US07 - less_then_150_years_old - {'birth_date': {'line_number': 91, 'line_value': '27 MAR 1920'}, 'age': 81.98, 'death_date': {'line_number': 93, 'line_value': '27 FEB 2002'}, 'individual_id': '@I11@'}
INFO:PASSED - Error US07 - less_then_150_years_old - {'birth_date': {'line_number': 99, 'line_value': '14 JAN 1922'}, 'age': 75.27, 'death_date': {'line_number': 101, 'line_value': '4 APR 1997'}, 'individual_id': '@I12@'}
INFO:PASSED - Error US07 - less_then_150_years_old - {'birth_date': {'line_number': 107, 'line_value': '3 JUN 1954'}, 'age': 40.21, 'death_date': {'line_number': 109, 'line_value': '10 AUG 1994'}, 'individual_id': '@I13@'}
INFO:PASSED - Error US07 - less_then_150_years_old - {'birth_date': {'line_number': 117, 'line_value': '16 DEC 1951'}, 'current_date': '03 JUL 2016', 'age': 64.59, 'individual_id': '@I14@'}
INFO:PASSED - Error US07 - less_then_150_years_old - {'birth_date': {'line_number': 124, 'line_value': '8 APR 1918'}, 'age': 77.56, 'death_date': {'line_number': 126, 'line_value': '10 OCT 1995'}, 'individual_id': '@I15@'}
INFO:PASSED - Error US07 - less_then_150_years_old - {'birth_date': {'line_number': 132, 'line_value': '23 OCT 1918'}, 'current_date': '03 JUL 2016', 'age': 97.76, 'individual_id': '@I16@'}
INFO:PASSED - Error US07 - less_then_150_years_old - {'birth_date': {'line_number': 138, 'line_value': '30 OCT 1960'}, 'current_date': '03 JUL 2016', 'age': 55.72, 'individual_id': '@I17@'}
INFO:PASSED - Error US07 - less_then_150_years_old - {'birth_date': {'line_number': 144, 'line_value': '11 JUN 1943'}, 'current_date': '03 JUL 2016', 'age': 73.12, 'individual_id': '@I18@'}
INFO:PASSED - Error US07 - less_then_150_years_old - {'birth_date': {'line_number': 150, 'line_value': '7 SEP 1948'}, 'current_date': '03 JUL 2016', 'age': 67.87, 'individual_id': '@I19@'}
INFO:PASSED - Error US07 - less_then_150_years_old - {'birth_date': {'line_number': 156, 'line_value': '24 JUL 1972'}, 'current_date': '03 JUL 2016', 'age': 43.98, 'individual_id': '@I20@'}
INFO:PASSED - Error US07 - less_then_150_years_old - {'birth_date': {'line_number': 162, 'line_value': '1 AUG 1990'}, 'current_date': '03 JUL 2016', 'age': 25.94, 'individual_id': '@I21@'}
INFO:PASSED - Error US07 - less_then_150_years_old - {'birth_date': {'line_number': 168, 'line_value': '5 JUN 1957'}, 'age': 32.29, 'death_date': {'line_number': 170, 'line_value': '12 SEP 1989'}, 'individual_id': '@I22@'}
INFO:PASSED - Error US07 - less_then_150_years_old - {'birth_date': {'line_number': 176, 'line_value': '7 JUL 1977'}, 'current_date': '03 JUL 2016', 'age': 39.02, 'individual_id': '@I23@'}
INFO:PASSED - Error US07 - less_then_150_years_old - {'birth_date': {'line_number': 182, 'line_value': '2 MAY 1993'}, 'current_date': '03 JUL 2016', 'age': 23.19, 'individual_id': '@I24@'}
INFO:PASSED - Error US07 - less_then_150_years_old - {'birth_date': {'line_number': 188, 'line_value': '4 AUG 1975'}, 'current_date': '03 JUL 2016', 'age': 40.95, 'individual_id': '@I25@'}
INFO:PASSED - Error US07 - less_then_150_years_old - {'birth_date': {'line_number': 194, 'line_value': '9 SEP 1991'}, 'current_date': '03 JUL 2016', 'age': 24.84, 'individual_id': '@I26@'}
WARNING:FAILED - Error US07 - less_then_150_years_old - {'birth_date': {'line_number': 51, 'line_value': '23 AUG 1855'}, 'age': 150.8, 'death_date': {'line_number': 53, 'line_value': '4 MAY 2006'}, 'individual_id': '@I5@'}
INFO:PASSED - Anomaly US08 - birth_before_marriage_of_parents - {'mother_id': '@I3@', 'family_id': '@F4@', 'marriage_date': {'line_number': 222, 'line_value': '4 SEP 1970'}, 'father_id': '@I10@', 'child_id': '@I20@', 'child_birth_date': {'line_number': 156, 'line_value': '24 JUL 1972'}}
INFO:PASSED - Anomaly US08 - birth_before_marriage_of_parents - {'mother_id': '@I13@', 'family_id': '@F7@', 'marriage_date': {'line_number': 238, 'line_value': '19 MAR 1990'}, 'father_id': '@I22@', 'child_id': '@I26@', 'child_birth_date': {'line_number': 194, 'line_value': '9 SEP 1991'}}
INFO:PASSED - Anomaly US08 - birth_before_marriage_of_parents - {'mother_id': '@I24@', 'family_id': '@F9@', 'marriage_date': {'line_number': 252, 'line_value': '1 MAY 1973'}, 'father_id': '@I14@', 'child_id': '@I25@', 'child_birth_date': {'line_number': 188, 'line_value': '4 AUG 1975'}}
WARNING:FAILED - Anomaly US08 - birth_before_marriage_of_parents - {'mother_id': '@I3@', 'family_id': '@F2@', 'marriage_date': {'line_number': 207, 'line_value': '26 MAR 1976'}, 'father_id': '@I2@', 'child_id': '@I1@', 'child_birth_date': {'line_number': 18, 'line_value': '17 JUN 1945'}, 'div': {'line_number': 209, 'line_value': '13 NOV 2012'}}
WARNING:FAILED - Anomaly US08 - birth_before_marriage_of_parents - {'mother_id': '@I3@', 'family_id': '@F2@', 'marriage_date': {'line_number': 207, 'line_value': '26 MAR 1976'}, 'father_id': '@I2@', 'child_id': '@I9@', 'child_birth_date': {'line_number': 77, 'line_value': '15 OCT 1975'}, 'div': {'line_number': 209, 'line_value': '13 NOV 2012'}}
WARNING:FAILED - Anomaly US08 - birth_before_marriage_of_parents - {'mother_id': '@I13@', 'family_id': '@F8@', 'marriage_date': {'line_number': 244, 'line_value': '12 OCT 1986'}, 'father_id': '@I21@', 'child_id': '@I23@', 'child_birth_date': {'line_number': 176, 'line_value': '7 JUL 1977'}, 'div': {'line_number': 246, 'line_value': '17 NOV 1978'}}
INFO:PASSED - Error US09 - birth_before_death_of_parents - {'family_id': '@F1@', 'mother_id': '@I4@', 'child_birth_date': {'line_number': 51, 'line_value': '23 AUG 1855'}, 'child_id': '@I5@', 'husband_id': '@I1@'}
INFO:PASSED - Error US09 - birth_before_death_of_parents - {'family_id': '@F1@', 'mother_id': '@I4@', 'child_birth_date': {'line_number': 59, 'line_value': '4 SEP 2017'}, 'child_id': '@I6@', 'husband_id': '@I1@'}
INFO:PASSED - Error US09 - birth_before_death_of_parents - {'husband_id': '@I2@', 'mother_id': '@I3@', 'family_id': '@F2@', 'mother_death_date': {'line_number': 36, 'line_value': '12 JUL 1988'}, 'child_id': '@I1@', 'child_birth_date': {'line_number': 18, 'line_value': '17 JUN 1945'}, 'husband_death_date': {'line_number': 27, 'line_value': '24 AUG 1994'}}
INFO:PASSED - Error US09 - birth_before_death_of_parents - {'husband_id': '@I2@', 'mother_id': '@I3@', 'family_id': '@F2@', 'mother_death_date': {'line_number': 36, 'line_value': '12 JUL 1988'}, 'child_id': '@I9@', 'child_birth_date': {'line_number': 77, 'line_value': '15 OCT 1975'}, 'husband_death_date': {'line_number': 27, 'line_value': '24 AUG 1994'}}
INFO:PASSED - Error US09 - birth_before_death_of_parents - {'husband_id': '@I15@', 'mother_id': '@I16@', 'family_id': '@F3@', 'child_id': '@I2@', 'child_birth_date': {'line_number': 25, 'line_value': '10 FEB 1980'}, 'husband_death_date': {'line_number': 126, 'line_value': '10 OCT 1995'}}
INFO:PASSED - Error US09 - birth_before_death_of_parents - {'husband_id': '@I15@', 'mother_id': '@I16@', 'family_id': '@F3@', 'child_id': '@I17@', 'child_birth_date': {'line_number': 138, 'line_value': '30 OCT 1960'}, 'husband_death_date': {'line_number': 126, 'line_value': '10 OCT 1995'}}
INFO:PASSED - Error US09 - birth_before_death_of_parents - {'husband_id': '@I15@', 'mother_id': '@I16@', 'family_id': '@F3@', 'child_id': '@I18@', 'child_birth_date': {'line_number': 144, 'line_value': '11 JUN 1943'}, 'husband_death_date': {'line_number': 126, 'line_value': '10 OCT 1995'}}
INFO:PASSED - Error US09 - birth_before_death_of_parents - {'husband_id': '@I15@', 'mother_id': '@I16@', 'family_id': '@F3@', 'child_id': '@I19@', 'child_birth_date': {'line_number': 150, 'line_value': '7 SEP 1948'}, 'husband_death_date': {'line_number': 126, 'line_value': '10 OCT 1995'}}
INFO:PASSED - Error US09 - birth_before_death_of_parents - {'husband_id': '@I10@', 'mother_id': '@I3@', 'family_id': '@F4@', 'mother_death_date': {'line_number': 36, 'line_value': '12 JUL 1988'}, 'child_id': '@I20@', 'child_birth_date': {'line_number': 156, 'line_value': '24 JUL 1972'}, 'husband_death_date': {'line_number': 85, 'line_value': '16 MAY 2016'}}
INFO:PASSED - Error US09 - birth_before_death_of_parents - {'husband_id': '@I11@', 'mother_id': '@I12@', 'family_id': '@F5@', 'mother_death_date': {'line_number': 101, 'line_value': '4 APR 1997'}, 'child_id': '@I3@', 'child_birth_date': {'line_number': 34, 'line_value': '24 NOV 1848'}, 'husband_death_date': {'line_number': 93, 'line_value': '27 FEB 2002'}}
INFO:PASSED - Error US09 - birth_before_death_of_parents - {'husband_id': '@I11@', 'mother_id': '@I12@', 'family_id': '@F5@', 'mother_death_date': {'line_number': 101, 'line_value': '4 APR 1997'}, 'child_id': '@I13@', 'child_birth_date': {'line_number': 107, 'line_value': '3 JUN 1954'}, 'husband_death_date': {'line_number': 93, 'line_value': '27 FEB 2002'}}
INFO:PASSED - Error US09 - birth_before_death_of_parents - {'husband_id': '@I11@', 'mother_id': '@I12@', 'family_id': '@F5@', 'mother_death_date': {'line_number': 101, 'line_value': '4 APR 1997'}, 'child_id': '@I14@', 'child_birth_date': {'line_number': 117, 'line_value': '16 DEC 1951'}, 'husband_death_date': {'line_number': 93, 'line_value': '27 FEB 2002'}}
INFO:PASSED - Error US09 - birth_before_death_of_parents - {'family_id': '@F6@', 'mother_id': '@I4@', 'child_birth_date': {'line_number': 71, 'line_value': '4 OCT 2003'}, 'child_id': '@I8@', 'husband_id': '@I7@'}
INFO:PASSED - Error US09 - birth_before_death_of_parents - {'husband_id': '@I21@', 'mother_id': '@I13@', 'family_id': '@F8@', 'mother_death_date': {'line_number': 109, 'line_value': '10 AUG 1994'}, 'child_id': '@I23@', 'child_birth_date': {'line_number': 176, 'line_value': '7 JUL 1977'}}
INFO:PASSED - Error US09 - birth_before_death_of_parents - {'family_id': '@F9@', 'mother_id': '@I24@', 'child_birth_date': {'line_number': 188, 'line_value': '4 AUG 1975'}, 'child_id': '@I25@', 'husband_id': '@I14@'}
WARNING:FAILED - Error US09 - birth_before_death_of_parents - {'husband_id': '@I22@', 'mother_id': '@I13@', 'family_id': '@F7@', 'mother_death_date': {'line_number': 109, 'line_value': '10 AUG 1994'}, 'child_id': '@I26@', 'child_birth_date': {'line_number': 194, 'line_value': '9 SEP 1991'}, 'husband_death_date': {'line_number': 170, 'line_value': '12 SEP 1989'}}
INFO:PASSED - Anomaly US10 - marriage_after_14 - {'husband_marriage_age': 32.81, 'wife_id': '@I13@', 'wife_birth_date': {'line_number': 107, 'line_value': '3 JUN 1954'}, 'husband_id': '@I22@', 'husband_birth_date': {'line_number': 168, 'line_value': '5 JUN 1957'}, 'family_id': '@F7@', 'wife_marriage_age': 35.82}
INFO:PASSED - Anomaly US10 - marriage_after_14 - {'husband_marriage_age': 21.39, 'wife_id': '@I24@', 'wife_birth_date': {'line_number': 182, 'line_value': '2 MAY 1993'}, 'husband_id': '@I14@', 'husband_birth_date': {'line_number': 117, 'line_value': '16 DEC 1951'}, 'family_id': '@F9@', 'wife_marriage_age': 20.02}
WARNING:FAILED - Anomaly US10 - marriage_after_14 - {'husband_marriage_age': 3.88, 'wife_id': '@I3@', 'wife_birth_date': {'line_number': 34, 'line_value': '24 NOV 1848'}, 'husband_id': '@I2@', 'husband_birth_date': {'line_number': 25, 'line_value': '10 FEB 1980'}, 'family_id': '@F2@', 'wife_marriage_age': 127.42}
WARNING:FAILED - Anomaly US10 - marriage_after_14 - {'husband_marriage_age': 2.39, 'wife_id': '@I3@', 'wife_birth_date': {'line_number': 34, 'line_value': '24 NOV 1848'}, 'husband_id': '@I10@', 'husband_birth_date': {'line_number': 83, 'line_value': '24 JAN 1973'}, 'family_id': '@F4@', 'wife_marriage_age': 121.86}
WARNING:FAILED - Anomaly US10 - marriage_after_14 - {'husband_marriage_age': 3.81, 'wife_id': '@I13@', 'wife_birth_date': {'line_number': 107, 'line_value': '3 JUN 1954'}, 'husband_id': '@I21@', 'husband_birth_date': {'line_number': 162, 'line_value': '1 AUG 1990'}, 'family_id': '@F8@', 'wife_marriage_age': 32.38}
INFO:PASSED - Anomaly US11 - no_bigamy - {'marr_1': {'family_id': '@F7@', 'wife_id': '@I13@', 'end': {'line_number': 170, 'reason': 'husb_deat', 'line_value': '12 SEP 1989'}, 'start': {'line_number': 238, 'reason': 'marr_date', 'line_value': '19 MAR 1990'}, 'husband_id': '@I22@'}, 'marr_2': {'family_id': '@F8@', 'wife_id': '@I13@', 'end': {'line_number': 246, 'reason': 'div', 'line_value': '17 NOV 1978'}, 'start': {'line_number': 244, 'reason': 'marr_date', 'line_value': '12 OCT 1986'}, 'husband_id': '@I21@'}}
WARNING:FAILED - Anomaly US11 - no_bigamy - {'marr_1': {'family_id': '@F2@', 'wife_id': '@I3@', 'end': {'line_number': 209, 'reason': 'div', 'line_value': '13 NOV 2012'}, 'start': {'line_number': 207, 'reason': 'marr_date', 'line_value': '26 MAR 1976'}, 'husband_id': '@I2@'}, 'marr_2': {'family_id': '@F4@', 'wife_id': '@I3@', 'end': {'line_number': 36, 'reason': 'wife_deat', 'line_value': '12 JUL 1988'}, 'start': {'line_number': 222, 'reason': 'marr_date', 'line_value': '4 SEP 1970'}, 'husband_id': '@I10@'}}
INFO:PASSED - Anomaly US12 - parents_not_too_old - {'father_years_older': 72.27, 'family_id': '@F1@', 'father_id': '@I1@', 'mother_birt_date': {'line_number': 44, 'line_value': '18 JUL 1992'}, 'mother_years_older': 25.15, 'child_id': '@I6@', 'father_birt_date': {'line_number': 18, 'line_value': '17 JUN 1945'}, 'child_birt_date': {'line_number': 59, 'line_value': '4 SEP 2017'}, 'mother_id': '@I4@'}
INFO:PASSED - Anomaly US12 - parents_not_too_old - {'father_years_older': 42.59, 'family_id': '@F3@', 'father_id': '@I15@', 'mother_birt_date': {'line_number': 132, 'line_value': '23 OCT 1918'}, 'mother_years_older': 42.05, 'child_id': '@I17@', 'father_birt_date': {'line_number': 124, 'line_value': '8 APR 1918'}, 'child_birt_date': {'line_number': 138, 'line_value': '30 OCT 1960'}, 'mother_id': '@I16@'}
INFO:PASSED - Anomaly US12 - parents_not_too_old - {'father_years_older': 25.19, 'family_id': '@F3@', 'father_id': '@I15@', 'mother_birt_date': {'line_number': 132, 'line_value': '23 OCT 1918'}, 'mother_years_older': 24.65, 'child_id': '@I18@', 'father_birt_date': {'line_number': 124, 'line_value': '8 APR 1918'}, 'child_birt_date': {'line_number': 144, 'line_value': '11 JUN 1943'}, 'mother_id': '@I16@'}
INFO:PASSED - Anomaly US12 - parents_not_too_old - {'father_years_older': 30.44, 'family_id': '@F3@', 'father_id': '@I15@', 'mother_birt_date': {'line_number': 132, 'line_value': '23 OCT 1918'}, 'mother_years_older': 29.9, 'child_id': '@I19@', 'father_birt_date': {'line_number': 124, 'line_value': '8 APR 1918'}, 'child_birt_date': {'line_number': 150, 'line_value': '7 SEP 1948'}, 'mother_id': '@I16@'}
INFO:PASSED - Anomaly US12 - parents_not_too_old - {'father_years_older': 34.21, 'family_id': '@F5@', 'father_id': '@I11@', 'mother_birt_date': {'line_number': 99, 'line_value': '14 JAN 1922'}, 'mother_years_older': 32.41, 'child_id': '@I13@', 'father_birt_date': {'line_number': 91, 'line_value': '27 MAR 1920'}, 'child_birt_date': {'line_number': 107, 'line_value': '3 JUN 1954'}, 'mother_id': '@I12@'}
INFO:PASSED - Anomaly US12 - parents_not_too_old - {'father_years_older': 31.74, 'family_id': '@F5@', 'father_id': '@I11@', 'mother_birt_date': {'line_number': 99, 'line_value': '14 JAN 1922'}, 'mother_years_older': 29.94, 'child_id': '@I14@', 'father_birt_date': {'line_number': 91, 'line_value': '27 MAR 1920'}, 'child_birt_date': {'line_number': 117, 'line_value': '16 DEC 1951'}, 'mother_id': '@I12@'}
INFO:PASSED - Anomaly US12 - parents_not_too_old - {'father_years_older': 24.54, 'family_id': '@F6@', 'father_id': '@I7@', 'mother_birt_date': {'line_number': 44, 'line_value': '18 JUL 1992'}, 'mother_years_older': 11.22, 'child_id': '@I8@', 'father_birt_date': {'line_number': 65, 'line_value': '26 MAR 1979'}, 'child_birt_date': {'line_number': 71, 'line_value': '4 OCT 2003'}, 'mother_id': '@I4@'}
INFO:PASSED - Anomaly US12 - parents_not_too_old - {'father_years_older': 34.28, 'family_id': '@F7@', 'father_id': '@I22@', 'mother_birt_date': {'line_number': 107, 'line_value': '3 JUN 1954'}, 'mother_years_older': 37.29, 'child_id': '@I26@', 'father_birt_date': {'line_number': 168, 'line_value': '5 JUN 1957'}, 'child_birt_date': {'line_number': 194, 'line_value': '9 SEP 1991'}, 'mother_id': '@I13@'}
INFO:PASSED - Anomaly US12 - parents_not_too_old - {'father_years_older': 13.08, 'family_id': '@F8@', 'father_id': '@I21@', 'mother_birt_date': {'line_number': 107, 'line_value': '3 JUN 1954'}, 'mother_years_older': 23.11, 'child_id': '@I23@', 'father_birt_date': {'line_number': 162, 'line_value': '1 AUG 1990'}, 'child_birt_date': {'line_number': 176, 'line_value': '7 JUL 1977'}, 'mother_id': '@I13@'}
INFO:PASSED - Anomaly US12 - parents_not_too_old - {'father_years_older': 23.65, 'family_id': '@F9@', 'father_id': '@I14@', 'mother_birt_date': {'line_number': 182, 'line_value': '2 MAY 1993'}, 'mother_years_older': 17.76, 'child_id': '@I25@', 'father_birt_date': {'line_number': 117, 'line_value': '16 DEC 1951'}, 'child_birt_date': {'line_number': 188, 'line_value': '4 AUG 1975'}, 'mother_id': '@I24@'}
WARNING:FAILED - Anomaly US12 - parents_not_too_old - {'father_years_older': 89.88, 'family_id': '@F1@', 'father_id': '@I1@', 'mother_birt_date': {'line_number': 44, 'line_value': '18 JUL 1992'}, 'mother_years_older': 136.99, 'child_id': '@I5@', 'father_birt_date': {'line_number': 18, 'line_value': '17 JUN 1945'}, 'child_birt_date': {'line_number': 51, 'line_value': '23 AUG 1855'}, 'mother_id': '@I4@'}
WARNING:FAILED - Anomaly US12 - parents_not_too_old - {'father_years_older': 34.67, 'family_id': '@F2@', 'father_id': '@I2@', 'mother_birt_date': {'line_number': 34, 'line_value': '24 NOV 1848'}, 'mother_years_older': 96.62, 'child_id': '@I1@', 'father_birt_date': {'line_number': 25, 'line_value': '10 FEB 1980'}, 'child_birt_date': {'line_number': 18, 'line_value': '17 JUN 1945'}, 'mother_id': '@I3@'}
WARNING:FAILED - Anomaly US12 - parents_not_too_old - {'father_years_older': 4.33, 'family_id': '@F2@', 'father_id': '@I2@', 'mother_birt_date': {'line_number': 34, 'line_value': '24 NOV 1848'}, 'mother_years_older': 126.97, 'child_id': '@I9@', 'father_birt_date': {'line_number': 25, 'line_value': '10 FEB 1980'}, 'child_birt_date': {'line_number': 77, 'line_value': '15 OCT 1975'}, 'mother_id': '@I3@'}
WARNING:FAILED - Anomaly US12 - parents_not_too_old - {'father_years_older': 61.88, 'family_id': '@F3@', 'father_id': '@I15@', 'mother_birt_date': {'line_number': 132, 'line_value': '23 OCT 1918'}, 'mother_years_older': 61.34, 'child_id': '@I2@', 'father_birt_date': {'line_number': 124, 'line_value': '8 APR 1918'}, 'child_birt_date': {'line_number': 25, 'line_value': '10 FEB 1980'}, 'mother_id': '@I16@'}
WARNING:FAILED - Anomaly US12 - parents_not_too_old - {'father_years_older': 0.5, 'family_id': '@F4@', 'father_id': '@I10@', 'mother_birt_date': {'line_number': 34, 'line_value': '24 NOV 1848'}, 'mother_years_older': 123.75, 'child_id': '@I20@', 'father_birt_date': {'line_number': 83, 'line_value': '24 JAN 1973'}, 'child_birt_date': {'line_number': 156, 'line_value': '24 JUL 1972'}, 'mother_id': '@I3@'}
WARNING:FAILED - Anomaly US12 - parents_not_too_old - {'father_years_older': 71.38, 'family_id': '@F5@', 'father_id': '@I11@', 'mother_birt_date': {'line_number': 99, 'line_value': '14 JAN 1922'}, 'mother_years_older': 73.19, 'child_id': '@I3@', 'father_birt_date': {'line_number': 91, 'line_value': '27 MAR 1920'}, 'child_birt_date': {'line_number': 34, 'line_value': '24 NOV 1848'}, 'mother_id': '@I12@'}
